#
# A fatal error has been detected by the Java Runtime Environment:
#
#  EXCEPTION_ACCESS_VIOLATION (0xc0000005) at pc=0x0000000059a589b5, pid=2380, tid=0x0000000000000508
#
# JRE version: Java(TM) SE Runtime Environment (8.0_111-b14) (build 1.8.0_111-b14)
# Java VM: Java HotSpot(TM) 64-Bit Server VM (25.111-b14 mixed mode windows-amd64 compressed oops)
# Problematic frame:
# V  [jvm.dll+0x1289b5]
#
# Failed to write core dump. Minidumps are not enabled by default on client versions of Windows
#
# If you would like to submit a bug report, please visit:
#   http://bugreport.java.com/bugreport/crash.jsp
#

---------------  T H R E A D  ---------------

Current thread (0x000000001f4ef800):  JavaThread "restartedMain" [_thread_in_vm, id=1288, stack(0x000000001e880000,0x000000001e980000)]

siginfo: ExceptionCode=0xc0000005, reading address 0x0000000000000008

Registers:
RAX=0x00000001008ce0c0, RBX=0x000000001f501338, RCX=0x00000000000001d8, RDX=0x0000000000000000
RSP=0x000000001e97d030, RBP=0x0000000000000004, RSI=0x00000001008ce0c0, RDI=0x0000000000000020
R8 =0x00000001008ce0c0, R9 =0x00000000000003d8, R10=0x0000000020f976d0, R11=0x000000001e97d110
R12=0x000000001f5128a0, R13=0x000000001f319bc0, R14=0x000000001f4ef800, R15=0x000000001e97d1a0
RIP=0x0000000059a589b5, EFLAGS=0x0000000000010206

Top of Stack: (sp=0x000000001e97d030)
0x000000001e97d030:   0000000020f97200 00000000599f5070
0x000000001e97d040:   000000001e97d150 000000001f4ef800
0x000000001e97d050:   000000001b19f500 0000000020f977d8
0x000000001e97d060:   000000001f4ef800 00007ffc9980b0cd
0x000000001e97d070:   0000000000000000 000000001f5128c0
0x000000001e97d080:   000000001f512c78 00000000000003d8
0x000000001e97d090:   0000000000000000 000000001b24a9a0
0x000000001e97d0a0:   000000001f512890 000000001f4ef800
0x000000001e97d0b0:   0000000000000020 000000001f4ef800
0x000000001e97d0c0:   000000001f319bc0 000000001cb1da80
0x000000001e97d0d0:   00000001008cb828 00000000599fd521
0x000000001e97d0e0:   000000001b247f80 000000001f5128a0
0x000000001e97d0f0:   00000001008cb828 0000000059a33bf8
0x000000001e97d100:   00000001008cb828 000000001f5128a0
0x000000001e97d110:   0000000000000000 0000000000000012
0x000000001e97d120:   0000000000000005 0000000000000028 

Instructions: (pc=0x0000000059a589b5)
0x0000000059a58995:   ff 50 68 48 63 48 08 48 03 08 48 8b 14 39 eb 10
0x0000000059a589a5:   49 63 4c 24 08 49 8b 04 24 48 03 cf 48 8b 14 01
0x0000000059a589b5:   48 8b 42 08 48 8b bc 24 b0 00 00 00 0f b7 48 22
0x0000000059a589c5:   48 8b 40 08 48 39 7c c8 50 0f 85 30 02 00 00 48 


Register to memory mapping:

RAX=0x00000001008ce0c0 is pointing into metadata
RBX=0x000000001f501338 is an unknown value
RCX=0x00000000000001d8 is an unknown value
RDX=0x0000000000000000 is an unknown value
RSP=0x000000001e97d030 is pointing into the stack for thread: 0x000000001f4ef800
RBP=0x0000000000000004 is an unknown value
RSI=0x00000001008ce0c0 is pointing into metadata
RDI=0x0000000000000020 is an unknown value
R8 =0x00000001008ce0c0 is pointing into metadata
R9 =0x00000000000003d8 is an unknown value
R10={method} {0x0000000020f976d8} '<clinit>' '()V' in 'com/example/portfolio2023/Security/MainSecurity$$EnhancerBySpringCGLIB$$8ba2152b'
R11=0x000000001e97d110 is pointing into the stack for thread: 0x000000001f4ef800
R12=0x000000001f5128a0 is an unknown value
R13=0x000000001f319bc0 is an unknown value
R14=0x000000001f4ef800 is a thread
R15=0x000000001e97d1a0 is pointing into the stack for thread: 0x000000001f4ef800


Stack: [0x000000001e880000,0x000000001e980000],  sp=0x000000001e97d030,  free space=1012k
Native frames: (J=compiled Java code, j=interpreted, Vv=VM code, C=native code)
V  [jvm.dll+0x1289b5]
V  [jvm.dll+0x129665]
V  [jvm.dll+0x110740]
V  [jvm.dll+0x114e97]
V  [jvm.dll+0x115375]
V  [jvm.dll+0x1924dd]
C  [java.dll+0x1b45]
C  0x0000000003540c45

Java frames: (J=compiled Java code, j=interpreted, Vv=VM code)
J 625  java.lang.Class.forName0(Ljava/lang/String;ZLjava/lang/ClassLoader;Ljava/lang/Class;)Ljava/lang/Class; (0 bytes) @ 0x0000000003540bc7 [0x0000000003540b40+0x87]
J 648 C1 java.lang.Class.forName(Ljava/lang/String;ZLjava/lang/ClassLoader;)Ljava/lang/Class; (53 bytes) @ 0x000000000354af2c [0x000000000354ae00+0x12c]
j  org.springframework.cglib.core.ReflectUtils.defineClass(Ljava/lang/String;[BLjava/lang/ClassLoader;Ljava/security/ProtectionDomain;Ljava/lang/Class;)Ljava/lang/Class;+524
j  org.springframework.cglib.core.AbstractClassGenerator.generate(Lorg/springframework/cglib/core/AbstractClassGenerator$ClassLoaderData;)Ljava/lang/Class;+184
j  org.springframework.cglib.proxy.Enhancer.generate(Lorg/springframework/cglib/core/AbstractClassGenerator$ClassLoaderData;)Ljava/lang/Class;+53
j  org.springframework.cglib.core.AbstractClassGenerator$ClassLoaderData$3.apply(Lorg/springframework/cglib/core/AbstractClassGenerator;)Ljava/lang/Object;+5
j  org.springframework.cglib.core.AbstractClassGenerator$ClassLoaderData$3.apply(Ljava/lang/Object;)Ljava/lang/Object;+5
j  org.springframework.cglib.core.internal.LoadingCache$2.call()Ljava/lang/Object;+11
j  java.util.concurrent.FutureTask.run()V+42
j  org.springframework.cglib.core.internal.LoadingCache.createEntry(Ljava/lang/Object;Ljava/lang/Object;Ljava/lang/Object;)Ljava/lang/Object;+58
j  org.springframework.cglib.core.internal.LoadingCache.get(Ljava/lang/Object;)Ljava/lang/Object;+39
j  org.springframework.cglib.core.AbstractClassGenerator$ClassLoaderData.get(Lorg/springframework/cglib/core/AbstractClassGenerator;Z)Ljava/lang/Object;+15
j  org.springframework.cglib.core.AbstractClassGenerator.create(Ljava/lang/Object;)Ljava/lang/Object;+115
j  org.springframework.cglib.proxy.Enhancer.createHelper()Ljava/lang/Object;+86
j  org.springframework.cglib.proxy.Enhancer.createClass()Ljava/lang/Class;+6
j  org.springframework.context.annotation.ConfigurationClassEnhancer.createClass(Lorg/springframework/cglib/proxy/Enhancer;)Ljava/lang/Class;+1
j  org.springframework.context.annotation.ConfigurationClassEnhancer.enhance(Ljava/lang/Class;Ljava/lang/ClassLoader;)Ljava/lang/Class;+53
j  org.springframework.context.annotation.ConfigurationClassPostProcessor.enhanceConfigurationClasses(Lorg/springframework/beans/factory/config/ConfigurableListableBeanFactory;)V+461
j  org.springframework.context.annotation.ConfigurationClassPostProcessor.postProcessBeanFactory(Lorg/springframework/beans/factory/config/ConfigurableListableBeanFactory;)V+88
j  org.springframework.context.support.PostProcessorRegistrationDelegate.invokeBeanFactoryPostProcessors(Ljava/util/Collection;Lorg/springframework/beans/factory/config/ConfigurableListableBeanFactory;)V+61
j  org.springframework.context.support.PostProcessorRegistrationDelegate.invokeBeanFactoryPostProcessors(Lorg/springframework/beans/factory/config/ConfigurableListableBeanFactory;Ljava/util/List;)V+512
j  org.springframework.context.support.AbstractApplicationContext.invokeBeanFactoryPostProcessors(Lorg/springframework/beans/factory/config/ConfigurableListableBeanFactory;)V+5
j  org.springframework.context.support.AbstractApplicationContext.refresh()V+53
j  org.springframework.boot.web.servlet.context.ServletWebServerApplicationContext.refresh()V+1
j  org.springframework.boot.SpringApplication.refresh(Lorg/springframework/context/ConfigurableApplicationContext;)V+1
j  org.springframework.boot.SpringApplication.refreshContext(Lorg/springframework/context/ConfigurableApplicationContext;)V+16
j  org.springframework.boot.SpringApplication.run([Ljava/lang/String;)Lorg/springframework/context/ConfigurableApplicationContext;+107
j  org.springframework.boot.SpringApplication.run([Ljava/lang/Class;[Ljava/lang/String;)Lorg/springframework/context/ConfigurableApplicationContext;+9
j  org.springframework.boot.SpringApplication.run(Ljava/lang/Class;[Ljava/lang/String;)Lorg/springframework/context/ConfigurableApplicationContext;+9
j  com.example.portfolio2023.Portfolio2023Application.main([Ljava/lang/String;)V+3
v  ~StubRoutines::call_stub
J 3300  sun.reflect.NativeMethodAccessorImpl.invoke0(Ljava/lang/reflect/Method;Ljava/lang/Object;[Ljava/lang/Object;)Ljava/lang/Object; (0 bytes) @ 0x00000000039c0eff [0x00000000039c0e80+0x7f]
J 3229 C1 sun.reflect.NativeMethodAccessorImpl.invoke(Ljava/lang/Object;[Ljava/lang/Object;)Ljava/lang/Object; (104 bytes) @ 0x00000000039a995c [0x00000000039a95e0+0x37c]
J 3233 C1 sun.reflect.DelegatingMethodAccessorImpl.invoke(Ljava/lang/Object;[Ljava/lang/Object;)Ljava/lang/Object; (10 bytes) @ 0x00000000039aae64 [0x00000000039aae20+0x44]
J 3232 C1 java.lang.reflect.Method.invoke(Ljava/lang/Object;[Ljava/lang/Object;)Ljava/lang/Object; (62 bytes) @ 0x00000000039aaa94 [0x00000000039aa9a0+0xf4]
j  org.springframework.boot.devtools.restart.RestartLauncher.run()V+42
v  ~StubRoutines::call_stub

---------------  P R O C E S S  ---------------

Java Threads: ( => current thread )
=>0x000000001f4ef800 JavaThread "restartedMain" [_thread_in_vm, id=1288, stack(0x000000001e880000,0x000000001e980000)]
  0x000000001f4f1000 JavaThread "Thread-52" [_thread_blocked, id=2776, stack(0x000000001d580000,0x000000001d680000)]
  0x000000001f4f0800 JavaThread "DestroyJavaVM" [_thread_blocked, id=10884, stack(0x0000000003140000,0x0000000003240000)]
  0x000000001f381800 JavaThread "Live Reload Server" daemon [_thread_in_native, id=12380, stack(0x0000000020d50000,0x0000000020e50000)]
  0x000000001cf43000 JavaThread "mysql-cj-abandoned-connection-cleanup" daemon [_thread_blocked, id=11100, stack(0x000000001beb0000,0x000000001bfb0000)]
  0x000000001a092800 JavaThread "Service Thread" daemon [_thread_blocked, id=9708, stack(0x000000001abf0000,0x000000001acf0000)]
  0x00000000180fc000 JavaThread "C1 CompilerThread3" daemon [_thread_blocked, id=16432, stack(0x000000001aaf0000,0x000000001abf0000)]
  0x0000000019ffb800 JavaThread "C2 CompilerThread2" daemon [_thread_blocked, id=17852, stack(0x000000001a9f0000,0x000000001aaf0000)]
  0x0000000019ffa800 JavaThread "C2 CompilerThread1" daemon [_thread_blocked, id=17356, stack(0x000000001a8f0000,0x000000001a9f0000)]
  0x0000000019ff6000 JavaThread "C2 CompilerThread0" daemon [_thread_blocked, id=18088, stack(0x000000001a7f0000,0x000000001a8f0000)]
  0x0000000019ff3000 JavaThread "Attach Listener" daemon [_thread_blocked, id=10664, stack(0x000000001a6f0000,0x000000001a7f0000)]
  0x0000000019ff2800 JavaThread "Signal Dispatcher" daemon [_thread_blocked, id=1796, stack(0x000000001a5f0000,0x000000001a6f0000)]
  0x0000000019fe0800 JavaThread "Finalizer" daemon [_thread_blocked, id=18232, stack(0x000000001a3c0000,0x000000001a4c0000)]
  0x000000000333a800 JavaThread "Reference Handler" daemon [_thread_blocked, id=17860, stack(0x0000000019ec0000,0x0000000019fc0000)]

Other Threads:
  0x00000000180e9800 VMThread [stack: 0x0000000019dc0000,0x0000000019ec0000] [id=19272]
  0x000000001a0ae000 WatcherThread [stack: 0x000000001ae70000,0x000000001af70000] [id=8660]

VM state:not at safepoint (normal execution)

VM Mutex/Monitor currently owned by a thread: None

Heap:
 PSYoungGen      total 267776K, used 49017K [0x00000000d6f00000, 0x00000000e8280000, 0x0000000100000000)
  eden space 254464K, 19% used [0x00000000d6f00000,0x00000000d9ede438,0x00000000e6780000)
  from space 13312K, 0% used [0x00000000e7580000,0x00000000e7580000,0x00000000e8280000)
  to   space 13824K, 0% used [0x00000000e6780000,0x00000000e6780000,0x00000000e7500000)
 ParOldGen       total 86016K, used 23310K [0x0000000084c00000, 0x000000008a000000, 0x00000000d6f00000)
  object space 86016K, 27% used [0x0000000084c00000,0x00000000862c3918,0x000000008a000000)
 Metaspace       used 59243K, capacity 63610K, committed 63872K, reserved 1103872K
  class space    used 8198K, capacity 9041K, committed 9088K, reserved 1048576K

Card table byte_map: [0x0000000012700000,0x0000000012ae0000] byte_map_base: 0x00000000122da000

Marking Bits: (ParMarkBitMap*) 0x000000005a14a6c0
 Begin Bits: [0x0000000013580000, 0x0000000015450000)
 End Bits:   [0x0000000015450000, 0x0000000017320000)

Polling page: 0x0000000001710000

CodeCache: size=245760Kb used=15203Kb max_used=15203Kb free=230556Kb
 bounds [0x0000000003340000, 0x0000000004220000, 0x0000000012340000]
 total_blobs=9122 nmethods=8575 adapters=458
 compilation: enabled

Compilation events (10 events):
Event: 2849.590 Thread 0x00000000180fc000 8675       1       org.springframework.boot.context.properties.ConfigurationPropertiesBinder::register (79 bytes)
Event: 2849.591 Thread 0x00000000180fc000 nmethod 8675 0x00000000042198d0 code [0x0000000004219ac0, 0x0000000004219fa8]
Event: 2849.591 Thread 0x00000000180fc000 8676       1       org.springframework.boot.context.properties.BoundConfigurationProperties::register (50 bytes)
Event: 2849.591 Thread 0x00000000180fc000 nmethod 8676 0x000000000421a350 code [0x000000000421a500, 0x000000000421a8a8]
Event: 2849.591 Thread 0x00000000180fc000 8677       1       org.springframework.boot.context.properties.EnableConfigurationPropertiesRegistrar::registerMethodValidationExcludeFilter (41 bytes)
Event: 2849.591 Thread 0x00000000180fc000 nmethod 8677 0x000000000421ab10 code [0x000000000421aca0, 0x000000000421af98]
Event: 2849.591 Thread 0x00000000180fc000 8678       1       org.springframework.boot.context.properties.EnableConfigurationPropertiesRegistrar::getTypes (45 bytes)
Event: 2849.591 Thread 0x00000000180fc000 nmethod 8678 0x000000000421b110 code [0x000000000421b2e0, 0x000000000421b758]
Event: 2849.600 Thread 0x00000000180fc000 8679       1       org.springframework.cglib.core.CollectionUtils::transform (54 bytes)
Event: 2849.600 Thread 0x00000000180fc000 nmethod 8679 0x000000000421b9d0 code [0x000000000421bba0, 0x000000000421bf68]

GC Heap History (10 events):
Event: 2729.384 GC heap before
{Heap before GC invocations=33 (full 13):
 PSYoungGen      total 268800K, used 5400K [0x00000000d6f00000, 0x00000000e8480000, 0x0000000100000000)
  eden space 254464K, 0% used [0x00000000d6f00000,0x00000000d6f00000,0x00000000e6780000)
  from space 14336K, 37% used [0x00000000e7680000,0x00000000e7bc6308,0x00000000e8480000)
  to   space 14848K, 0% used [0x00000000e6780000,0x00000000e6780000,0x00000000e7600000)
 ParOldGen       total 86016K, used 22556K [0x0000000084c00000, 0x000000008a000000, 0x00000000d6f00000)
  object space 86016K, 26% used [0x0000000084c00000,0x0000000086207328,0x000000008a000000)
 Metaspace       used 58441K, capacity 62750K, committed 62976K, reserved 1103872K
  class space    used 8125K, capacity 8924K, committed 8960K, reserved 1048576K
Event: 2729.445 GC heap after
Heap after GC invocations=33 (full 13):
 PSYoungGen      total 268800K, used 0K [0x00000000d6f00000, 0x00000000e8480000, 0x0000000100000000)
  eden space 254464K, 0% used [0x00000000d6f00000,0x00000000d6f00000,0x00000000e6780000)
  from space 14336K, 0% used [0x00000000e7680000,0x00000000e7680000,0x00000000e8480000)
  to   space 14848K, 0% used [0x00000000e6780000,0x00000000e6780000,0x00000000e7600000)
 ParOldGen       total 86016K, used 22804K [0x0000000084c00000, 0x000000008a000000, 0x00000000d6f00000)
  object space 86016K, 26% used [0x0000000084c00000,0x0000000086245020,0x000000008a000000)
 Metaspace       used 58427K, capacity 62726K, committed 62976K, reserved 1103872K
  class space    used 8123K, capacity 8919K, committed 8960K, reserved 1048576K
}
Event: 2760.184 GC heap before
{Heap before GC invocations=34 (full 13):
 PSYoungGen      total 268800K, used 202761K [0x00000000d6f00000, 0x00000000e8480000, 0x0000000100000000)
  eden space 254464K, 79% used [0x00000000d6f00000,0x00000000e3502700,0x00000000e6780000)
  from space 14336K, 0% used [0x00000000e7680000,0x00000000e7680000,0x00000000e8480000)
  to   space 14848K, 0% used [0x00000000e6780000,0x00000000e6780000,0x00000000e7600000)
 ParOldGen       total 86016K, used 22804K [0x0000000084c00000, 0x000000008a000000, 0x00000000d6f00000)
  object space 86016K, 26% used [0x0000000084c00000,0x0000000086245020,0x000000008a000000)
 Metaspace       used 58810K, capacity 63132K, committed 63360K, reserved 1103872K
  class space    used 8156K, capacity 8965K, committed 9088K, reserved 1048576K
Event: 2760.189 GC heap after
Heap after GC invocations=34 (full 13):
 PSYoungGen      total 260096K, used 5480K [0x00000000d6f00000, 0x00000000e8380000, 0x0000000100000000)
  eden space 254464K, 0% used [0x00000000d6f00000,0x00000000d6f00000,0x00000000e6780000)
  from space 5632K, 97% used [0x00000000e6780000,0x00000000e6cda2f8,0x00000000e6d00000)
  to   space 14336K, 0% used [0x00000000e7580000,0x00000000e7580000,0x00000000e8380000)
 ParOldGen       total 86016K, used 22812K [0x0000000084c00000, 0x000000008a000000, 0x00000000d6f00000)
  object space 86016K, 26% used [0x0000000084c00000,0x0000000086247020,0x000000008a000000)
 Metaspace       used 58810K, capacity 63132K, committed 63360K, reserved 1103872K
  class space    used 8156K, capacity 8965K, committed 9088K, reserved 1048576K
}
Event: 2760.189 GC heap before
{Heap before GC invocations=35 (full 14):
 PSYoungGen      total 260096K, used 5480K [0x00000000d6f00000, 0x00000000e8380000, 0x0000000100000000)
  eden space 254464K, 0% used [0x00000000d6f00000,0x00000000d6f00000,0x00000000e6780000)
  from space 5632K, 97% used [0x00000000e6780000,0x00000000e6cda2f8,0x00000000e6d00000)
  to   space 14336K, 0% used [0x00000000e7580000,0x00000000e7580000,0x00000000e8380000)
 ParOldGen       total 86016K, used 22812K [0x0000000084c00000, 0x000000008a000000, 0x00000000d6f00000)
  object space 86016K, 26% used [0x0000000084c00000,0x0000000086247020,0x000000008a000000)
 Metaspace       used 58810K, capacity 63132K, committed 63360K, reserved 1103872K
  class space    used 8156K, capacity 8965K, committed 9088K, reserved 1048576K
Event: 2760.278 GC heap after
Heap after GC invocations=35 (full 14):
 PSYoungGen      total 260096K, used 0K [0x00000000d6f00000, 0x00000000e8380000, 0x0000000100000000)
  eden space 254464K, 0% used [0x00000000d6f00000,0x00000000d6f00000,0x00000000e6780000)
  from space 5632K, 0% used [0x00000000e6780000,0x00000000e6780000,0x00000000e6d00000)
  to   space 14336K, 0% used [0x00000000e7580000,0x00000000e7580000,0x00000000e8380000)
 ParOldGen       total 86016K, used 23056K [0x0000000084c00000, 0x000000008a000000, 0x00000000d6f00000)
  object space 86016K, 26% used [0x0000000084c00000,0x0000000086284190,0x000000008a000000)
 Metaspace       used 58796K, capacity 63108K, committed 63360K, reserved 1103872K
  class space    used 8154K, capacity 8960K, committed 9088K, reserved 1048576K
}
Event: 2849.374 GC heap before
{Heap before GC invocations=36 (full 14):
 PSYoungGen      total 260096K, used 206583K [0x00000000d6f00000, 0x00000000e8380000, 0x0000000100000000)
  eden space 254464K, 81% used [0x00000000d6f00000,0x00000000e38bdc90,0x00000000e6780000)
  from space 5632K, 0% used [0x00000000e6780000,0x00000000e6780000,0x00000000e6d00000)
  to   space 14336K, 0% used [0x00000000e7580000,0x00000000e7580000,0x00000000e8380000)
 ParOldGen       total 86016K, used 23056K [0x0000000084c00000, 0x000000008a000000, 0x00000000d6f00000)
  object space 86016K, 26% used [0x0000000084c00000,0x0000000086284190,0x000000008a000000)
 Metaspace       used 59177K, capacity 63514K, committed 63616K, reserved 1103872K
  class space    used 8187K, capacity 9006K, committed 9088K, reserved 1048576K
Event: 2849.378 GC heap after
Heap after GC invocations=36 (full 14):
 PSYoungGen      total 267776K, used 5416K [0x00000000d6f00000, 0x00000000e8280000, 0x0000000100000000)
  eden space 254464K, 0% used [0x00000000d6f00000,0x00000000d6f00000,0x00000000e6780000)
  from space 13312K, 40% used [0x00000000e7580000,0x00000000e7aca318,0x00000000e8280000)
  to   space 13824K, 0% used [0x00000000e6780000,0x00000000e6780000,0x00000000e7500000)
 ParOldGen       total 86016K, used 23064K [0x0000000084c00000, 0x000000008a000000, 0x00000000d6f00000)
  object space 86016K, 26% used [0x0000000084c00000,0x0000000086286190,0x000000008a000000)
 Metaspace       used 59177K, capacity 63514K, committed 63616K, reserved 1103872K
  class space    used 8187K, capacity 9006K, committed 9088K, reserved 1048576K
}
Event: 2849.378 GC heap before
{Heap before GC invocations=37 (full 15):
 PSYoungGen      total 267776K, used 5416K [0x00000000d6f00000, 0x00000000e8280000, 0x0000000100000000)
  eden space 254464K, 0% used [0x00000000d6f00000,0x00000000d6f00000,0x00000000e6780000)
  from space 13312K, 40% used [0x00000000e7580000,0x00000000e7aca318,0x00000000e8280000)
  to   space 13824K, 0% used [0x00000000e6780000,0x00000000e6780000,0x00000000e7500000)
 ParOldGen       total 86016K, used 23064K [0x0000000084c00000, 0x000000008a000000, 0x00000000d6f00000)
  object space 86016K, 26% used [0x0000000084c00000,0x0000000086286190,0x000000008a000000)
 Metaspace       used 59177K, capacity 63514K, committed 63616K, reserved 1103872K
  class space    used 8187K, capacity 9006K, committed 9088K, reserved 1048576K
Event: 2849.449 GC heap after
Heap after GC invocations=37 (full 15):
 PSYoungGen      total 267776K, used 0K [0x00000000d6f00000, 0x00000000e8280000, 0x0000000100000000)
  eden space 254464K, 0% used [0x00000000d6f00000,0x00000000d6f00000,0x00000000e6780000)
  from space 13312K, 0% used [0x00000000e7580000,0x00000000e7580000,0x00000000e8280000)
  to   space 13824K, 0% used [0x00000000e6780000,0x00000000e6780000,0x00000000e7500000)
 ParOldGen       total 86016K, used 23310K [0x0000000084c00000, 0x000000008a000000, 0x00000000d6f00000)
  object space 86016K, 27% used [0x0000000084c00000,0x00000000862c3918,0x000000008a000000)
 Metaspace       used 59163K, capacity 63490K, committed 63616K, reserved 1103872K
  class space    used 8185K, capacity 9001K, committed 9088K, reserved 1048576K
}

Deoptimization events (0 events):
No events

Internal exceptions (10 events):
Event: 2849.569 Thread 0x000000001f4ef800 Exception <a 'java/lang/ArrayIndexOutOfBoundsException'> (0x00000000d97c4330) thrown at [C:\re\workspace\8-2-build-windows-amd64-cygwin\jdk8u111\7883\hotspot\src\share\vm\runtime\sharedRuntime.cpp, line 605]
Event: 2849.577 Thread 0x000000001f4ef800 Exception <a 'java/lang/ArrayIndexOutOfBoundsException'> (0x00000000d9982788) thrown at [C:\re\workspace\8-2-build-windows-amd64-cygwin\jdk8u111\7883\hotspot\src\share\vm\runtime\sharedRuntime.cpp, line 605]
Event: 2849.578 Thread 0x000000001f4ef800 Exception <a 'java/lang/ArrayIndexOutOfBoundsException'> (0x00000000d99bda78) thrown at [C:\re\workspace\8-2-build-windows-amd64-cygwin\jdk8u111\7883\hotspot\src\share\vm\runtime\sharedRuntime.cpp, line 605]
Event: 2849.579 Thread 0x000000001f4ef800 Exception <a 'java/lang/ArrayIndexOutOfBoundsException'> (0x00000000d99fd0f8) thrown at [C:\re\workspace\8-2-build-windows-amd64-cygwin\jdk8u111\7883\hotspot\src\share\vm\runtime\sharedRuntime.cpp, line 605]
Event: 2849.585 Thread 0x000000001f4ef800 Exception <a 'java/lang/ArrayIndexOutOfBoundsException'> (0x00000000d9ad28e0) thrown at [C:\re\workspace\8-2-build-windows-amd64-cygwin\jdk8u111\7883\hotspot\src\share\vm\runtime\sharedRuntime.cpp, line 605]
Event: 2849.585 Thread 0x000000001f4ef800 Exception <a 'java/lang/ArrayIndexOutOfBoundsException'> (0x00000000d9aeba18) thrown at [C:\re\workspace\8-2-build-windows-amd64-cygwin\jdk8u111\7883\hotspot\src\share\vm\runtime\sharedRuntime.cpp, line 605]
Event: 2849.589 Thread 0x000000001f4ef800 Exception <a 'java/lang/ArrayIndexOutOfBoundsException'> (0x00000000d9c01930) thrown at [C:\re\workspace\8-2-build-windows-amd64-cygwin\jdk8u111\7883\hotspot\src\share\vm\runtime\sharedRuntime.cpp, line 605]
Event: 2849.593 Thread 0x000000001f4ef800 Exception <a 'java/lang/ArrayIndexOutOfBoundsException'> (0x00000000d9cd5f90) thrown at [C:\re\workspace\8-2-build-windows-amd64-cygwin\jdk8u111\7883\hotspot\src\share\vm\runtime\sharedRuntime.cpp, line 605]
Event: 2849.594 Thread 0x000000001f4ef800 Exception <a 'java/lang/ArrayIndexOutOfBoundsException'> (0x00000000d9d46df8) thrown at [C:\re\workspace\8-2-build-windows-amd64-cygwin\jdk8u111\7883\hotspot\src\share\vm\runtime\sharedRuntime.cpp, line 605]
Event: 2849.595 Thread 0x000000001f4ef800 Exception <a 'java/lang/ArrayIndexOutOfBoundsException'> (0x00000000d9d64070) thrown at [C:\re\workspace\8-2-build-windows-amd64-cygwin\jdk8u111\7883\hotspot\src\share\vm\runtime\sharedRuntime.cpp, line 605]

Events (10 events):
Event: 2849.588 loading class org/springframework/messaging/rsocket/annotation/support/RSocketMessageHandler
Event: 2849.588 loading class org/springframework/messaging/rsocket/annotation/support/RSocketMessageHandler done
Event: 2849.590 loading class org/springframework/security/oauth2/jwt/JwtDecoder
Event: 2849.591 loading class org/springframework/security/oauth2/jwt/JwtDecoder done
Event: 2849.591 loading class org/springframework/security/oauth2/server/resource/introspection/OpaqueTokenIntrospector
Event: 2849.591 loading class org/springframework/security/oauth2/server/resource/introspection/OpaqueTokenIntrospector done
Event: 2849.591 loading class org/springframework/security/oauth2/client/registration/ClientRegistrationRepository
Event: 2849.591 loading class org/springframework/security/oauth2/client/registration/ClientRegistrationRepository done
Event: 2849.591 loading class org/springframework/security/saml2/provider/service/registration/RelyingPartyRegistrationRepository
Event: 2849.591 loading class org/springframework/security/saml2/provider/service/registration/RelyingPartyRegistrationRepository done


Dynamic libraries:
0x00007ff6623c0000 - 0x00007ff6623f7000 	C:\Program Files\Java\jdk1.8.0_111\jre\bin\java.exe
0x00007ffc9be50000 - 0x00007ffc9c064000 	C:\WINDOWS\SYSTEM32\ntdll.dll
0x00007ffc61370000 - 0x00007ffc61389000 	C:\Program Files\Avast Software\Avast\aswhook.dll
0x00007ffc9ade0000 - 0x00007ffc9aea3000 	C:\WINDOWS\System32\KERNEL32.DLL
0x00007ffc997a0000 - 0x00007ffc99b3c000 	C:\WINDOWS\System32\KERNELBASE.dll
0x00007ffc9bd00000 - 0x00007ffc9bdae000 	C:\WINDOWS\System32\ADVAPI32.dll
0x00007ffc9b8e0000 - 0x00007ffc9b987000 	C:\WINDOWS\System32\msvcrt.dll
0x00007ffc9a570000 - 0x00007ffc9a614000 	C:\WINDOWS\System32\sechost.dll
0x00007ffc99c60000 - 0x00007ffc99d75000 	C:\WINDOWS\System32\RPCRT4.dll
0x00007ffc9ac00000 - 0x00007ffc9adad000 	C:\WINDOWS\System32\USER32.dll
0x00007ffc995e0000 - 0x00007ffc99606000 	C:\WINDOWS\System32\win32u.dll
0x00007ffc9adb0000 - 0x00007ffc9add9000 	C:\WINDOWS\System32\GDI32.dll
0x00007ffc99b40000 - 0x00007ffc99c53000 	C:\WINDOWS\System32\gdi32full.dll
0x00007ffc99290000 - 0x00007ffc9932a000 	C:\WINDOWS\System32\msvcp_win.dll
0x00007ffc99680000 - 0x00007ffc99791000 	C:\WINDOWS\System32\ucrtbase.dll
0x00007ffc78470000 - 0x00007ffc786fe000 	C:\WINDOWS\WinSxS\amd64_microsoft.windows.common-controls_6595b64144ccf1df_6.0.22621.608_none_a9444ca7c10bb01d\COMCTL32.dll
0x00007ffc9bca0000 - 0x00007ffc9bcd1000 	C:\WINDOWS\System32\IMM32.DLL
0x0000000059850000 - 0x0000000059922000 	C:\Program Files\Java\jdk1.8.0_111\jre\bin\msvcr100.dll
0x0000000059930000 - 0x000000005a1ca000 	C:\Program Files\Java\jdk1.8.0_111\jre\bin\server\jvm.dll
0x00007ffc9a8e0000 - 0x00007ffc9a8e8000 	C:\WINDOWS\System32\PSAPI.DLL
0x00007ffc81610000 - 0x00007ffc81619000 	C:\WINDOWS\SYSTEM32\WSOCK32.dll
0x00007ffc8ca90000 - 0x00007ffc8cac4000 	C:\WINDOWS\SYSTEM32\WINMM.dll
0x00007ffc8dec0000 - 0x00007ffc8deca000 	C:\WINDOWS\SYSTEM32\VERSION.dll
0x00007ffc9b730000 - 0x00007ffc9b7a1000 	C:\WINDOWS\System32\WS2_32.dll
0x0000000059800000 - 0x000000005980f000 	C:\Program Files\Java\jdk1.8.0_111\jre\bin\verify.dll
0x00000000597d0000 - 0x00000000597f9000 	C:\Program Files\Java\jdk1.8.0_111\jre\bin\java.dll
0x00000000597b0000 - 0x00000000597c6000 	C:\Program Files\Java\jdk1.8.0_111\jre\bin\zip.dll
0x00007ffc99d80000 - 0x00007ffc9a570000 	C:\WINDOWS\System32\SHELL32.dll
0x00007ffc97250000 - 0x00007ffc97b1e000 	C:\WINDOWS\SYSTEM32\windows.storage.dll
0x00007ffc9af10000 - 0x00007ffc9b299000 	C:\WINDOWS\System32\combase.dll
0x00007ffc97110000 - 0x00007ffc9724e000 	C:\WINDOWS\SYSTEM32\wintypes.dll
0x00007ffc9aaf0000 - 0x00007ffc9abe1000 	C:\WINDOWS\System32\SHCORE.dll
0x00007ffc9aa90000 - 0x00007ffc9aaee000 	C:\WINDOWS\System32\shlwapi.dll
0x00007ffc991c0000 - 0x00007ffc991e1000 	C:\WINDOWS\SYSTEM32\profapi.dll
0x00000000594f0000 - 0x00000000594fd000 	C:\Program Files\Java\jdk1.8.0_111\jre\bin\management.dll
0x0000000059790000 - 0x00000000597aa000 	C:\Program Files\Java\jdk1.8.0_111\jre\bin\net.dll
0x00007ffc98750000 - 0x00007ffc987b9000 	C:\WINDOWS\system32\mswsock.dll
0x00007ffc6d0a0000 - 0x00007ffc6d0b7000 	C:\WINDOWS\system32\napinsp.dll
0x00007ffc6d0c0000 - 0x00007ffc6d0db000 	C:\WINDOWS\system32\pnrpnsp.dll
0x00007ffc97da0000 - 0x00007ffc97e93000 	C:\WINDOWS\SYSTEM32\DNSAPI.dll
0x00007ffc97d70000 - 0x00007ffc97d9d000 	C:\WINDOWS\SYSTEM32\IPHLPAPI.DLL
0x00007ffc9b2a0000 - 0x00007ffc9b2a9000 	C:\WINDOWS\System32\NSI.dll
0x00007ffc6d1f0000 - 0x00007ffc6d201000 	C:\WINDOWS\System32\winrnr.dll
0x00007ffc8e1b0000 - 0x00007ffc8e1c5000 	C:\WINDOWS\system32\wshbth.dll
0x00007ffc6d0e0000 - 0x00007ffc6d101000 	C:\WINDOWS\system32\nlansp_c.dll
0x00007ffc8ff70000 - 0x00007ffc8ff7a000 	C:\Windows\System32\rasadhlp.dll
0x00007ffc8e060000 - 0x00007ffc8e0e3000 	C:\WINDOWS\System32\fwpuclnt.dll
0x0000000059770000 - 0x0000000059781000 	C:\Program Files\Java\jdk1.8.0_111\jre\bin\nio.dll
0x00007ffc989b0000 - 0x00007ffc989cb000 	C:\WINDOWS\SYSTEM32\CRYPTSP.dll
0x00007ffc98230000 - 0x00007ffc98265000 	C:\WINDOWS\system32\rsaenh.dll
0x00007ffc98850000 - 0x00007ffc98878000 	C:\WINDOWS\SYSTEM32\USERENV.dll
0x00007ffc98be0000 - 0x00007ffc98c08000 	C:\WINDOWS\SYSTEM32\bcrypt.dll
0x00007ffc99560000 - 0x00007ffc995db000 	C:\WINDOWS\System32\bcryptprimitives.dll
0x00007ffc989d0000 - 0x00007ffc989dc000 	C:\WINDOWS\SYSTEM32\CRYPTBASE.dll
0x00007ffc8c820000 - 0x00007ffc8c839000 	C:\WINDOWS\SYSTEM32\dhcpcsvc6.DLL
0x00007ffc8c800000 - 0x00007ffc8c81f000 	C:\WINDOWS\SYSTEM32\dhcpcsvc.DLL
0x00000000594c0000 - 0x00000000594e4000 	C:\Program Files\Java\jdk1.8.0_111\jre\bin\sunec.dll
0x00000000594b0000 - 0x00000000594bb000 	C:\Program Files\Java\jdk1.8.0_111\jre\bin\sunmscapi.dll
0x00007ffc993f0000 - 0x00007ffc99556000 	C:\WINDOWS\System32\CRYPT32.dll
0x00007ffc96c70000 - 0x00007ffc96e9e000 	C:\WINDOWS\SYSTEM32\dbghelp.dll
0x00007ffc9bbb0000 - 0x00007ffc9bc87000 	C:\WINDOWS\System32\OLEAUT32.dll

VM Arguments:
jvm_args: -Xverify:none -XX:TieredStopAtLevel=1 
java_command: com.example.portfolio2023.Portfolio2023Application
java_class_path (initial): C:\Users\vicky\Desktop\Portfolio Marzo 2023\Back\portfolio2023\target\classes;C:\Users\vicky\.m2\repository\org\aspectj\aspectjweaver\1.9.7\aspectjweaver-1.9.7.jar;C:\Users\vicky\.m2\repository\com\zaxxer\HikariCP\4.0.3\HikariCP-4.0.3.jar;C:\Users\vicky\.m2\repository\org\springframework\spring-jdbc\5.3.24\spring-jdbc-5.3.24.jar;C:\Users\vicky\.m2\repository\jakarta\transaction\jakarta.transaction-api\1.3.3\jakarta.transaction-api-1.3.3.jar;C:\Users\vicky\.m2\repository\jakarta\persistence\jakarta.persistence-api\2.2.3\jakarta.persistence-api-2.2.3.jar;C:\Users\vicky\.m2\repository\org\hibernate\hibernate-core\5.6.14.Final\hibernate-core-5.6.14.Final.jar;C:\Users\vicky\.m2\repository\org\jboss\logging\jboss-logging\3.4.3.Final\jboss-logging-3.4.3.Final.jar;C:\Users\vicky\.m2\repository\net\bytebuddy\byte-buddy\1.12.20\byte-buddy-1.12.20.jar;C:\Users\vicky\.m2\repository\antlr\antlr\2.7.7\antlr-2.7.7.jar;C:\Users\vicky\.m2\repository\org\jboss\jandex\2.4.2.Final\jandex-2.4.2.Final.jar;C:\Users\vicky\.m2\repository\com\fasterxml\classmate\1.5.1\classmate-1.5.1.jar;C:\Users\vicky\.m2\repository\org\hibernate\common\hibernate-commons-annotations\5.1.2.Final\hibernate-commons-annotations-5.1.2.Final.jar;C:\Users\vicky\.m2\repository\org\glassfish\jaxb\jaxb-runtime\2.3.7\jaxb-runtime-2.3.7.jar;C:\Users\vicky\.m2\repository\org\glassfish\jaxb\txw2\2.3.7\txw2-2.3.7.jar;C:\Users\vicky\.m2\repository\com\sun\istack\istack-commons-runtime\3.0.12\istack-commons-runtime-3.0.12.jar;C:\Users\vicky\.m2\repository\com\sun\activation\jakarta.activation\1.2.2\jakarta.activation-1.2.2.jar;C:\Users\vicky\.m2\repository\org\springframework\data\spring-data-jpa\2.7.6\spring-data-jpa-2.7.6.jar;C:\Users\vicky\.m2\repository\org\springframework\data\spring-data-commons\2.7.6\spring-data-commons-2.7.6.jar;C:\Users\vicky\.m2\repository\org\springframework\spring-orm\5.3.24\spring-orm-5.3.24.jar;C:\Users\vicky\.m2\repository\org\springframework\spring-context\5.3.24
Launcher Type: SUN_STANDARD

Environment Variables:
JAVA_HOME=C:\Program Files\Java\jdk1.8.0_111
PATH=C:\Program Files\Common Files\Oracle\Java\javapath;C:\Python311\Scripts\;C:\Python311\;C:\Program Files (x86)\Common Files\Oracle\Java\javapath;C:\ProgramData\Oracle\Java\javapath;C:\WINDOWS\system32;C:\WINDOWS;C:\WINDOWS\System32\Wbem;C:\WINDOWS\System32\WindowsPowerShell\v1.0\;C:\WINDOWS\System32\OpenSSH\;C:\Program Files\Git\cmd;C:\Program Files\Git\mingw64\bin;C:\Program Files\Git\usr\bin;C:\Program Files\Java\jdk1.8.0_331\bin;C:\Program Files\apache-maven-3.8.6\bin;C:\Program Files\nodejs\;C:\ProgramData\chocolatey\bin;C:\Program Files\MySQL\MySQL Shell 8.0\bin\;C:\Users\vicky\AppData\Local\Microsoft\WindowsApps;C:\Users\vicky\AppData\Local\GitHubDesktop\bin;C:\Users\vicky\AppData\Local\Programs\Microsoft VS Code\bin;C:\Program Files\heroku\bin;C:\Users\vicky\AppData\Roaming\npm;C:\Users\vicky\AppData\Local\JetBrains\Toolbox\scripts;
USERNAME=vicky
OS=Windows_NT
PROCESSOR_IDENTIFIER=Intel64 Family 6 Model 140 Stepping 1, GenuineIntel



---------------  S Y S T E M  ---------------

OS: Windows 10.0 , 64 bit Build 22621 (10.0.22621.1344)

CPU:total 8 (4 cores per cpu, 2 threads per core) family 6 model 140 stepping 1, cmov, cx8, fxsr, mmx, sse, sse2, sse3, ssse3, sse4.1, sse4.2, popcnt, avx, avx2, aes, clmul, erms, 3dnowpref, lzcnt, ht, tsc, tscinvbit, bmi1, bmi2, adx

Memory: 4k page, physical 8075832k(1022156k free), swap 30464532k(14406032k free)

vm_info: Java HotSpot(TM) 64-Bit Server VM (25.111-b14) for windows-amd64 JRE (1.8.0_111-b14), built on Sep 22 2016 19:24:05 by "java_re" with MS VC++ 10.0 (VS2010)

time: Tue Mar 28 21:13:59 2023
elapsed time: 2849 seconds (0d 0h 47m 29s)

